<?xml version="1.0" encoding="UTF-8"?>
<!-- Generated by org.testng.reporters.JUnitXMLReporter -->
<testsuite ignored="0" hostname="DESKTOP-LU23BNS" failures="1" tests="34" name="Test" time="626.036" errors="0" timestamp="2021-02-21T17:29:05 EST">
  <testcase classname="com.ghg.GoalExcludedFacilities" name="ReportC1" time="9.827"/>
  <testcase classname="com.ghg.GoalExcludedFacilities" name="ReportC2" time="5.283"/>
  <testcase classname="com.ghg.GoalExcludedFacilities" name="ReportC3" time="7.481"/>
  <testcase classname="com.ghg.GoalExcludedFacilities" name="ReportC4" time="5.866"/>
  <testcase classname="com.ghg.WaterUseF13" name="ReportF1" time="5.427"/>
  <testcase classname="com.ghg.WaterUseF13" name="ReportF2" time="7.788"/>
  <testcase classname="com.ghg.WaterUseF13" name="ReportF3" time="24.138">
    <failure type="org.openqa.selenium.NoSuchElementException" message="Unable to locate element: //span[normalize-space()=&amp;apos;Report Filter/Options&amp;apos;]
For documentation on this error, please visit: https://www.seleniumhq.org/exceptions/no_such_element.html
Build info: version: &amp;apos;3.141.59&amp;apos;, revision: &amp;apos;e82be7d358&amp;apos;, time: &amp;apos;2018-11-14T08:17:03&amp;apos;
System info: host: &amp;apos;DESKTOP-LU23BNS&amp;apos;, ip: &amp;apos;192.168.1.191&amp;apos;, os.name: &amp;apos;Windows 10&amp;apos;, os.arch: &amp;apos;amd64&amp;apos;, os.version: &amp;apos;10.0&amp;apos;, java.version: &amp;apos;13.0.2&amp;apos;
Driver info: org.openqa.selenium.firefox.FirefoxDriver
Capabilities {acceptInsecureCerts: true, browserName: firefox, browserVersion: 85.0.2, javascriptEnabled: true, moz:accessibilityChecks: false, moz:buildID: 20210208133944, moz:geckodriverVersion: 0.29.0, moz:headless: false, moz:processID: 15624, moz:profile: C:\Users\arun_\AppData\Loca..., moz:shutdownTimeout: 60000, moz:useNonSpecCompliantPointerOrigin: false, moz:webdriverClick: true, pageLoadStrategy: normal, platform: WINDOWS, platformName: WINDOWS, platformVersion: 10.0, rotatable: false, setWindowRect: true, strictFileInteractability: false, timeouts: {implicit: 0, pageLoad: 300000, script: 30000}, unhandledPromptBehavior: dismiss and notify}
Session ID: 21eb5368-5329-42d3-911f-4707fafab6f9
*** Element info: {Using=xpath, value=//span[normalize-space()=&amp;apos;Report Filter/Options&amp;apos;]}">
      <![CDATA[org.openqa.selenium.NoSuchElementException: Unable to locate element: //span[normalize-space()='Report Filter/Options']
For documentation on this error, please visit: https://www.seleniumhq.org/exceptions/no_such_element.html
Build info: version: '3.141.59', revision: 'e82be7d358', time: '2018-11-14T08:17:03'
System info: host: 'DESKTOP-LU23BNS', ip: '192.168.1.191', os.name: 'Windows 10', os.arch: 'amd64', os.version: '10.0', java.version: '13.0.2'
Driver info: org.openqa.selenium.firefox.FirefoxDriver
Capabilities {acceptInsecureCerts: true, browserName: firefox, browserVersion: 85.0.2, javascriptEnabled: true, moz:accessibilityChecks: false, moz:buildID: 20210208133944, moz:geckodriverVersion: 0.29.0, moz:headless: false, moz:processID: 15624, moz:profile: C:\Users\arun_\AppData\Loca..., moz:shutdownTimeout: 60000, moz:useNonSpecCompliantPointerOrigin: false, moz:webdriverClick: true, pageLoadStrategy: normal, platform: WINDOWS, platformName: WINDOWS, platformVersion: 10.0, rotatable: false, setWindowRect: true, strictFileInteractability: false, timeouts: {implicit: 0, pageLoad: 300000, script: 30000}, unhandledPromptBehavior: dismiss and notify}
Session ID: 21eb5368-5329-42d3-911f-4707fafab6f9
*** Element info: {Using=xpath, value=//span[normalize-space()='Report Filter/Options']}
at org.openqa.selenium.remote.http.W3CHttpResponseCodec.createException(W3CHttpResponseCodec.java:187)
at org.openqa.selenium.remote.http.W3CHttpResponseCodec.decode(W3CHttpResponseCodec.java:122)
at org.openqa.selenium.remote.http.W3CHttpResponseCodec.decode(W3CHttpResponseCodec.java:49)
at org.openqa.selenium.remote.HttpCommandExecutor.execute(HttpCommandExecutor.java:158)
at org.openqa.selenium.remote.service.DriverCommandExecutor.execute(DriverCommandExecutor.java:83)
at org.openqa.selenium.remote.RemoteWebDriver.execute(RemoteWebDriver.java:552)
at org.openqa.selenium.remote.RemoteWebDriver.findElement(RemoteWebDriver.java:323)
at org.openqa.selenium.remote.RemoteWebDriver.findElementByXPath(RemoteWebDriver.java:428)
at org.openqa.selenium.By$ByXPath.findElement(By.java:353)
at org.openqa.selenium.remote.RemoteWebDriver.findElement(RemoteWebDriver.java:315)
at com.ghg.WaterUseF13.ReportF3(WaterUseF13.java:66)
at java.base/java.util.ArrayList.forEach(ArrayList.java:1507)
... Removed 32 stack frames]]>
    </failure>
  </testcase> <!-- ReportF3 -->
  <testcase classname="com.ghg.GreenhouseGasEmission" name="ReportE1" time="2.858"/>
  <testcase classname="com.ghg.GreenhouseGasEmission" name="ReportE2" time="3.199"/>
  <testcase classname="com.ghg.GreenhouseGasEmission" name="ReportE3" time="3.339"/>
  <testcase classname="com.ghg.GoalSubjectBuildings" name="reportB1" time="6.024"/>
  <testcase classname="com.ghg.GoalSubjectBuildings" name="reportB2" time="7.12"/>
  <testcase classname="com.ghg.GoalSubjectBuildings" name="reportB3" time="5.141"/>
  <testcase classname="com.ghg.GoalSubjectBuildings" name="reportB4" time="5.109"/>
  <testcase classname="com.ghg.GoalSubjectBuildings" name="reportB5" time="5.22"/>
  <testcase classname="com.ghg.GoalSubjectBuildings" name="reportB6" time="5.904"/>
  <testcase classname="com.ghg.VehiclesandEquipmentD14" name="ReportD1" time="4.974"/>
  <testcase classname="com.ghg.VehiclesandEquipmentD14" name="ReportD2" time="6.194"/>
  <testcase classname="com.ghg.VehiclesandEquipmentD14" name="ReportD3" time="5.231"/>
  <testcase classname="com.ghg.EngUserSector" name="ReportA1" time="3.467"/>
  <testcase classname="com.ghg.EngUserSector" name="ReportA2" time="3.109"/>
  <testcase classname="com.ghg.EngUserSector" name="ReportA3" time="2.834"/>
  <testcase classname="com.ghg.EngUserSector" name="ReportA4" time="3.018"/>
  <testcase classname="com.ghg.EngUserSector" name="ReportA5" time="2.99"/>
  <testcase classname="com.ghg.EngUserSector" name="ReportA6" time="3.026"/>
  <testcase classname="com.ghg.EngUserSector" name="ReportA7" time="9.771"/>
  <testcase classname="com.ghg.EngUserSector" name="ReportA8" time="3.021"/>
  <testcase classname="com.ghg.EngUserSector" name="ReportA15" time="3.682"/>
  <testcase classname="com.ghg.RenewableEnergyAllEndUserSectors" name="reportA9" time="4.903"/>
  <testcase classname="com.ghg.RenewableEnergyAllEndUserSectors" name="reportA10" time="5.853"/>
  <testcase classname="com.ghg.RenewableEnergyAllEndUserSectors" name="reportA11" time="5.185"/>
  <testcase classname="com.ghg.RenewableEnergyAllEndUserSectors" name="reportA12" time="4.833"/>
  <testcase classname="com.ghg.RenewableEnergyAllEndUserSectors" name="reportA13" time="6.107"/>
  <testcase classname="com.ghg.RenewableEnergyAllEndUserSectors" name="reportA14" time="4.951"/>
</testsuite> <!-- Test -->
